<?xml version="1.0" encoding="UTF-8"?>
<testsuite name="com.sg.TestSpecification" tests="6" skipped="0" failures="1" errors="0" timestamp="2018-11-05T11:44:43" hostname="AMDC1733" time="0.161">
  <properties/>
  <testcase name="Multiplication test 0 x 1" classname="com.sg.TestSpecification" time="0.134">
    <failure message="Condition not satisfied:&#10;&#10;multiResult == result&#10;|           |  |&#10;0           |  1&#10;            false&#10;" type="org.spockframework.runtime.SpockComparisonFailure">Condition not satisfied:

multiResult == result
|           |  |
0           |  1
            false

	at com.sg.TestSpecification.Multiplication test #a x #b(TestSpecification.groovy:46)
</failure>
  </testcase>
  <testcase name="Multiplication test 1 x 2" classname="com.sg.TestSpecification" time="0.012"/>
  <testcase name="Multiplication test -3 x -5" classname="com.sg.TestSpecification" time="0.001"/>
  <testcase name="Multiplication test -2 x 1" classname="com.sg.TestSpecification" time="0.002"/>
  <testcase name="Multiplication test 100 x 10" classname="com.sg.TestSpecification" time="0.002"/>
  <testcase name="Multiplication test -100 x -10" classname="com.sg.TestSpecification" time="0.002"/>
  <system-out><![CDATA[12:44:43.026 [Test worker] DEBUG org.springframework.test.annotation.ProfileValueUtils - Retrieved @ProfileValueSourceConfiguration [null] for test class [com.sg.TestSpecification]
12:44:43.031 [Test worker] DEBUG org.springframework.test.annotation.ProfileValueUtils - Retrieved ProfileValueSource type [class org.springframework.test.annotation.SystemProfileValueSource] for class [com.sg.TestSpecification]
12:44:43.031 [Test worker] DEBUG org.springframework.test.annotation.ProfileValueUtils - Retrieved @ProfileValueSourceConfiguration [null] for test class [com.sg.TestSpecification]
12:44:43.032 [Test worker] DEBUG org.springframework.test.annotation.ProfileValueUtils - Retrieved ProfileValueSource type [class org.springframework.test.annotation.SystemProfileValueSource] for class [com.sg.TestSpecification]
12:44:43.041 [Test worker] DEBUG org.springframework.test.annotation.ProfileValueUtils - Retrieved @ProfileValueSourceConfiguration [null] for test class [com.sg.TestSpecification]
12:44:43.042 [Test worker] DEBUG org.springframework.test.annotation.ProfileValueUtils - Retrieved ProfileValueSource type [class org.springframework.test.annotation.SystemProfileValueSource] for class [com.sg.TestSpecification]
12:44:43.046 [Test worker] DEBUG org.springframework.test.context.BootstrapUtils - Instantiating CacheAwareContextLoaderDelegate from class [org.springframework.test.context.cache.DefaultCacheAwareContextLoaderDelegate]
12:44:43.051 [Test worker] DEBUG org.springframework.test.context.BootstrapUtils - Instantiating BootstrapContext using constructor [public org.springframework.test.context.support.DefaultBootstrapContext(java.lang.Class,org.springframework.test.context.CacheAwareContextLoaderDelegate)]
12:44:43.052 [Test worker] DEBUG org.springframework.test.context.BootstrapUtils - Instantiating TestContextBootstrapper for test class [com.sg.TestSpecification] from class [org.springframework.test.context.support.DefaultTestContextBootstrapper]
12:44:43.067 [Test worker] DEBUG org.springframework.test.context.support.AbstractDelegatingSmartContextLoader - Delegating to AnnotationConfigContextLoader to process context configuration [ContextConfigurationAttributes@37010886 declaringClass = 'com.sg.TestSpecification', classes = '{class com.sg.core.Sandbox}', locations = '{}', inheritLocations = true, initializers = '{}', inheritInitializers = true, name = [null], contextLoaderClass = 'org.springframework.test.context.ContextLoader'].
12:44:43.090 [Test worker] DEBUG org.springframework.test.context.support.ActiveProfilesUtils - Could not find an 'annotation declaring class' for annotation type [org.springframework.test.context.ActiveProfiles] and class [com.sg.TestSpecification]
12:44:43.090 [Test worker] DEBUG org.springframework.test.context.support.DefaultTestContextBootstrapper - @TestExecutionListeners is not present for class [com.sg.TestSpecification]: using defaults.
12:44:43.090 [Test worker] INFO org.springframework.test.context.support.DefaultTestContextBootstrapper - Loaded default TestExecutionListener class names from location [META-INF/spring.factories]: [org.spockframework.spring.SpringMockTestExecutionListener, org.springframework.test.context.web.ServletTestExecutionListener, org.springframework.test.context.support.DirtiesContextBeforeModesTestExecutionListener, org.springframework.test.context.support.DependencyInjectionTestExecutionListener, org.springframework.test.context.support.DirtiesContextTestExecutionListener, org.springframework.test.context.transaction.TransactionalTestExecutionListener, org.springframework.test.context.jdbc.SqlScriptsTestExecutionListener]
12:44:43.097 [Test worker] DEBUG org.springframework.test.context.support.DefaultTestContextBootstrapper - Skipping candidate TestExecutionListener [org.springframework.test.context.transaction.TransactionalTestExecutionListener] due to a missing dependency. Specify custom listener classes or make the default listener classes and their required dependencies available. Offending class: [org/springframework/transaction/TransactionDefinition]
12:44:43.097 [Test worker] DEBUG org.springframework.test.context.support.DefaultTestContextBootstrapper - Skipping candidate TestExecutionListener [org.springframework.test.context.jdbc.SqlScriptsTestExecutionListener] due to a missing dependency. Specify custom listener classes or make the default listener classes and their required dependencies available. Offending class: [org/springframework/transaction/interceptor/TransactionAttribute]
12:44:43.098 [Test worker] INFO org.springframework.test.context.support.DefaultTestContextBootstrapper - Using TestExecutionListeners: [org.springframework.test.context.web.ServletTestExecutionListener@305ed9db, org.springframework.test.context.support.DirtiesContextBeforeModesTestExecutionListener@13af9ad9, org.springframework.test.context.support.DependencyInjectionTestExecutionListener@66d9733b, org.springframework.test.context.support.DirtiesContextTestExecutionListener@32764622, org.spockframework.spring.SpringMockTestExecutionListener@7420c1b6]
12:44:43.316 [Test worker] DEBUG org.springframework.test.context.support.AbstractDirtiesContextTestExecutionListener - Before test class: context [DefaultTestContext@4dc95c5b testClass = TestSpecification, testInstance = [null], testMethod = [null], testException = [null], mergedContextConfiguration = [MergedContextConfiguration@14aaafea testClass = TestSpecification, locations = '{}', classes = '{class com.sg.core.Sandbox}', contextInitializerClasses = '[]', activeProfiles = '{}', propertySourceLocations = '{}', propertySourceProperties = '{}', contextCustomizers = set[org.spockframework.spring.mock.SpockContextCustomizer@0], contextLoader = 'org.springframework.test.context.support.DelegatingSmartContextLoader', parent = [null]], attributes = map[[empty]]], class annotated with @DirtiesContext [false] with mode [null].
12:44:43.340 [Test worker] DEBUG org.springframework.test.context.support.DependencyInjectionTestExecutionListener - Performing dependency injection for test context [[DefaultTestContext@4dc95c5b testClass = TestSpecification, testInstance = com.sg.TestSpecification@1227febc, testMethod = [null], testException = [null], mergedContextConfiguration = [MergedContextConfiguration@14aaafea testClass = TestSpecification, locations = '{}', classes = '{class com.sg.core.Sandbox}', contextInitializerClasses = '[]', activeProfiles = '{}', propertySourceLocations = '{}', propertySourceProperties = '{}', contextCustomizers = set[org.spockframework.spring.mock.SpockContextCustomizer@0], contextLoader = 'org.springframework.test.context.support.DelegatingSmartContextLoader', parent = [null]], attributes = map[[empty]]]].
12:44:43.342 [Test worker] DEBUG org.springframework.test.context.support.AbstractDelegatingSmartContextLoader - Delegating to AnnotationConfigContextLoader to load context from [MergedContextConfiguration@14aaafea testClass = TestSpecification, locations = '{}', classes = '{class com.sg.core.Sandbox}', contextInitializerClasses = '[]', activeProfiles = '{}', propertySourceLocations = '{}', propertySourceProperties = '{}', contextCustomizers = set[org.spockframework.spring.mock.SpockContextCustomizer@0], contextLoader = 'org.springframework.test.context.support.DelegatingSmartContextLoader', parent = [null]].
12:44:43.342 [Test worker] DEBUG org.springframework.test.context.support.AbstractGenericContextLoader - Loading ApplicationContext for merged context configuration [[MergedContextConfiguration@14aaafea testClass = TestSpecification, locations = '{}', classes = '{class com.sg.core.Sandbox}', contextInitializerClasses = '[]', activeProfiles = '{}', propertySourceLocations = '{}', propertySourceProperties = '{}', contextCustomizers = set[org.spockframework.spring.mock.SpockContextCustomizer@0], contextLoader = 'org.springframework.test.context.support.DelegatingSmartContextLoader', parent = [null]]].
12:44:43.377 [Test worker] DEBUG org.springframework.core.env.StandardEnvironment - Activating profiles []
12:44:43.377 [Test worker] DEBUG org.springframework.test.context.support.AnnotationConfigContextLoader - Registering annotated classes: {class com.sg.core.Sandbox}
12:44:43.396 [Test worker] DEBUG org.springframework.context.support.GenericApplicationContext - Refreshing org.springframework.context.support.GenericApplicationContext@4d94cd0a
12:44:43.410 [Test worker] DEBUG org.springframework.beans.factory.support.DefaultListableBeanFactory - Creating shared instance of singleton bean 'org.springframework.context.annotation.internalConfigurationAnnotationProcessor'
12:44:43.452 [Test worker] DEBUG org.springframework.beans.factory.support.DefaultListableBeanFactory - Creating shared instance of singleton bean 'org.spockframework.spring.mock.SpockMockPostprocessor'
12:44:43.479 [Test worker] DEBUG org.springframework.beans.factory.support.DefaultListableBeanFactory - Creating shared instance of singleton bean 'org.springframework.context.event.internalEventListenerProcessor'
12:44:43.480 [Test worker] DEBUG org.springframework.beans.factory.support.DefaultListableBeanFactory - Creating shared instance of singleton bean 'org.springframework.context.event.internalEventListenerFactory'
12:44:43.483 [Test worker] DEBUG org.springframework.beans.factory.support.DefaultListableBeanFactory - Creating shared instance of singleton bean 'org.springframework.context.annotation.internalAutowiredAnnotationProcessor'
12:44:43.484 [Test worker] DEBUG org.springframework.beans.factory.support.DefaultListableBeanFactory - Creating shared instance of singleton bean 'org.springframework.context.annotation.internalCommonAnnotationProcessor'
12:44:43.499 [Test worker] DEBUG org.springframework.beans.factory.support.DefaultListableBeanFactory - Creating shared instance of singleton bean 'org.spockframework.spring.mock.SpockMockPostprocessor$SpyPostProcessor'
12:44:43.514 [Test worker] DEBUG org.springframework.beans.factory.support.DefaultListableBeanFactory - Creating shared instance of singleton bean 'sandbox'
12:44:43.539 [Test worker] DEBUG org.springframework.test.context.cache.DefaultCacheAwareContextLoaderDelegate - Storing ApplicationContext in cache under key [[MergedContextConfiguration@14aaafea testClass = TestSpecification, locations = '{}', classes = '{class com.sg.core.Sandbox}', contextInitializerClasses = '[]', activeProfiles = '{}', propertySourceLocations = '{}', propertySourceProperties = '{}', contextCustomizers = set[org.spockframework.spring.mock.SpockContextCustomizer@0], contextLoader = 'org.springframework.test.context.support.DelegatingSmartContextLoader', parent = [null]]]
12:44:43.539 [Test worker] DEBUG org.springframework.test.context.cache - Spring test ApplicationContext cache statistics: [DefaultContextCache@6ab8252f size = 1, maxSize = 32, parentContextCount = 0, hitCount = 0, missCount = 1]
12:44:43.549 [Test worker] DEBUG org.springframework.test.context.cache.DefaultCacheAwareContextLoaderDelegate - Retrieved ApplicationContext from cache with key [[MergedContextConfiguration@14aaafea testClass = TestSpecification, locations = '{}', classes = '{class com.sg.core.Sandbox}', contextInitializerClasses = '[]', activeProfiles = '{}', propertySourceLocations = '{}', propertySourceProperties = '{}', contextCustomizers = set[org.spockframework.spring.mock.SpockContextCustomizer@0], contextLoader = 'org.springframework.test.context.support.DelegatingSmartContextLoader', parent = [null]]]
12:44:43.549 [Test worker] DEBUG org.springframework.test.context.cache - Spring test ApplicationContext cache statistics: [DefaultContextCache@6ab8252f size = 1, maxSize = 32, parentContextCount = 0, hitCount = 1, missCount = 1]
12:44:43.555 [Test worker] DEBUG org.springframework.test.context.support.AbstractDirtiesContextTestExecutionListener - Before test method: context [DefaultTestContext@4dc95c5b testClass = TestSpecification, testInstance = com.sg.TestSpecification@1227febc, testMethod = $spock_feature_0_1@TestSpecification, testException = [null], mergedContextConfiguration = [MergedContextConfiguration@14aaafea testClass = TestSpecification, locations = '{}', classes = '{class com.sg.core.Sandbox}', contextInitializerClasses = '[]', activeProfiles = '{}', propertySourceLocations = '{}', propertySourceProperties = '{}', contextCustomizers = set[org.spockframework.spring.mock.SpockContextCustomizer@0], contextLoader = 'org.springframework.test.context.support.DelegatingSmartContextLoader', parent = [null]], attributes = map[[empty]]], class annotated with @DirtiesContext [false] with mode [null], method annotated with @DirtiesContext [false] with mode [null].
12:44:43.556 [Test worker] DEBUG org.springframework.test.context.cache.DefaultCacheAwareContextLoaderDelegate - Retrieved ApplicationContext from cache with key [[MergedContextConfiguration@14aaafea testClass = TestSpecification, locations = '{}', classes = '{class com.sg.core.Sandbox}', contextInitializerClasses = '[]', activeProfiles = '{}', propertySourceLocations = '{}', propertySourceProperties = '{}', contextCustomizers = set[org.spockframework.spring.mock.SpockContextCustomizer@0], contextLoader = 'org.springframework.test.context.support.DelegatingSmartContextLoader', parent = [null]]]
12:44:43.556 [Test worker] DEBUG org.springframework.test.context.cache - Spring test ApplicationContext cache statistics: [DefaultContextCache@6ab8252f size = 1, maxSize = 32, parentContextCount = 0, hitCount = 2, missCount = 1]
12:44:43.686 [Test worker] DEBUG org.springframework.test.context.support.AbstractDirtiesContextTestExecutionListener - After test method: context [DefaultTestContext@4dc95c5b testClass = TestSpecification, testInstance = com.sg.TestSpecification@1227febc, testMethod = $spock_feature_0_1@TestSpecification, testException = Condition not satisfied:

multiResult == result
|           |  |
0           |  1
            false
, mergedContextConfiguration = [MergedContextConfiguration@14aaafea testClass = TestSpecification, locations = '{}', classes = '{class com.sg.core.Sandbox}', contextInitializerClasses = '[]', activeProfiles = '{}', propertySourceLocations = '{}', propertySourceProperties = '{}', contextCustomizers = set[org.spockframework.spring.mock.SpockContextCustomizer@0], contextLoader = 'org.springframework.test.context.support.DelegatingSmartContextLoader', parent = [null]], attributes = map['org.spockframework.spring.SpringMockTestExecutionListener.MOCKED_BEANS_LIST' -> list[[empty]]]], class annotated with @DirtiesContext [false] with mode [null], method annotated with @DirtiesContext [false] with mode [null].
12:44:43.687 [Test worker] DEBUG org.springframework.test.context.support.DependencyInjectionTestExecutionListener - Performing dependency injection for test context [[DefaultTestContext@4dc95c5b testClass = TestSpecification, testInstance = com.sg.TestSpecification@bee42c2, testMethod = [null], testException = [null], mergedContextConfiguration = [MergedContextConfiguration@14aaafea testClass = TestSpecification, locations = '{}', classes = '{class com.sg.core.Sandbox}', contextInitializerClasses = '[]', activeProfiles = '{}', propertySourceLocations = '{}', propertySourceProperties = '{}', contextCustomizers = set[org.spockframework.spring.mock.SpockContextCustomizer@0], contextLoader = 'org.springframework.test.context.support.DelegatingSmartContextLoader', parent = [null]], attributes = map['org.spockframework.spring.SpringMockTestExecutionListener.MOCKED_BEANS_LIST' -> list[[empty]]]]].
12:44:43.688 [Test worker] DEBUG org.springframework.test.context.cache.DefaultCacheAwareContextLoaderDelegate - Retrieved ApplicationContext from cache with key [[MergedContextConfiguration@14aaafea testClass = TestSpecification, locations = '{}', classes = '{class com.sg.core.Sandbox}', contextInitializerClasses = '[]', activeProfiles = '{}', propertySourceLocations = '{}', propertySourceProperties = '{}', contextCustomizers = set[org.spockframework.spring.mock.SpockContextCustomizer@0], contextLoader = 'org.springframework.test.context.support.DelegatingSmartContextLoader', parent = [null]]]
12:44:43.688 [Test worker] DEBUG org.springframework.test.context.cache - Spring test ApplicationContext cache statistics: [DefaultContextCache@6ab8252f size = 1, maxSize = 32, parentContextCount = 0, hitCount = 3, missCount = 1]
12:44:43.688 [Test worker] DEBUG org.springframework.test.context.cache.DefaultCacheAwareContextLoaderDelegate - Retrieved ApplicationContext from cache with key [[MergedContextConfiguration@14aaafea testClass = TestSpecification, locations = '{}', classes = '{class com.sg.core.Sandbox}', contextInitializerClasses = '[]', activeProfiles = '{}', propertySourceLocations = '{}', propertySourceProperties = '{}', contextCustomizers = set[org.spockframework.spring.mock.SpockContextCustomizer@0], contextLoader = 'org.springframework.test.context.support.DelegatingSmartContextLoader', parent = [null]]]
12:44:43.689 [Test worker] DEBUG org.springframework.test.context.cache - Spring test ApplicationContext cache statistics: [DefaultContextCache@6ab8252f size = 1, maxSize = 32, parentContextCount = 0, hitCount = 4, missCount = 1]
12:44:43.689 [Test worker] DEBUG org.springframework.test.context.support.AbstractDirtiesContextTestExecutionListener - Before test method: context [DefaultTestContext@4dc95c5b testClass = TestSpecification, testInstance = com.sg.TestSpecification@bee42c2, testMethod = $spock_feature_0_1@TestSpecification, testException = [null], mergedContextConfiguration = [MergedContextConfiguration@14aaafea testClass = TestSpecification, locations = '{}', classes = '{class com.sg.core.Sandbox}', contextInitializerClasses = '[]', activeProfiles = '{}', propertySourceLocations = '{}', propertySourceProperties = '{}', contextCustomizers = set[org.spockframework.spring.mock.SpockContextCustomizer@0], contextLoader = 'org.springframework.test.context.support.DelegatingSmartContextLoader', parent = [null]], attributes = map['org.spockframework.spring.SpringMockTestExecutionListener.MOCKED_BEANS_LIST' -> list[[empty]]]], class annotated with @DirtiesContext [false] with mode [null], method annotated with @DirtiesContext [false] with mode [null].
12:44:43.690 [Test worker] DEBUG org.springframework.test.context.cache.DefaultCacheAwareContextLoaderDelegate - Retrieved ApplicationContext from cache with key [[MergedContextConfiguration@14aaafea testClass = TestSpecification, locations = '{}', classes = '{class com.sg.core.Sandbox}', contextInitializerClasses = '[]', activeProfiles = '{}', propertySourceLocations = '{}', propertySourceProperties = '{}', contextCustomizers = set[org.spockframework.spring.mock.SpockContextCustomizer@0], contextLoader = 'org.springframework.test.context.support.DelegatingSmartContextLoader', parent = [null]]]
12:44:43.690 [Test worker] DEBUG org.springframework.test.context.cache - Spring test ApplicationContext cache statistics: [DefaultContextCache@6ab8252f size = 1, maxSize = 32, parentContextCount = 0, hitCount = 5, missCount = 1]
12:44:43.700 [Test worker] DEBUG org.springframework.test.context.support.AbstractDirtiesContextTestExecutionListener - After test method: context [DefaultTestContext@4dc95c5b testClass = TestSpecification, testInstance = com.sg.TestSpecification@bee42c2, testMethod = $spock_feature_0_1@TestSpecification, testException = [null], mergedContextConfiguration = [MergedContextConfiguration@14aaafea testClass = TestSpecification, locations = '{}', classes = '{class com.sg.core.Sandbox}', contextInitializerClasses = '[]', activeProfiles = '{}', propertySourceLocations = '{}', propertySourceProperties = '{}', contextCustomizers = set[org.spockframework.spring.mock.SpockContextCustomizer@0], contextLoader = 'org.springframework.test.context.support.DelegatingSmartContextLoader', parent = [null]], attributes = map['org.spockframework.spring.SpringMockTestExecutionListener.MOCKED_BEANS_LIST' -> list[[empty]]]], class annotated with @DirtiesContext [false] with mode [null], method annotated with @DirtiesContext [false] with mode [null].
12:44:43.701 [Test worker] DEBUG org.springframework.test.context.support.DependencyInjectionTestExecutionListener - Performing dependency injection for test context [[DefaultTestContext@4dc95c5b testClass = TestSpecification, testInstance = com.sg.TestSpecification@6bc41838, testMethod = [null], testException = [null], mergedContextConfiguration = [MergedContextConfiguration@14aaafea testClass = TestSpecification, locations = '{}', classes = '{class com.sg.core.Sandbox}', contextInitializerClasses = '[]', activeProfiles = '{}', propertySourceLocations = '{}', propertySourceProperties = '{}', contextCustomizers = set[org.spockframework.spring.mock.SpockContextCustomizer@0], contextLoader = 'org.springframework.test.context.support.DelegatingSmartContextLoader', parent = [null]], attributes = map['org.spockframework.spring.SpringMockTestExecutionListener.MOCKED_BEANS_LIST' -> list[[empty]]]]].
12:44:43.701 [Test worker] DEBUG org.springframework.test.context.cache.DefaultCacheAwareContextLoaderDelegate - Retrieved ApplicationContext from cache with key [[MergedContextConfiguration@14aaafea testClass = TestSpecification, locations = '{}', classes = '{class com.sg.core.Sandbox}', contextInitializerClasses = '[]', activeProfiles = '{}', propertySourceLocations = '{}', propertySourceProperties = '{}', contextCustomizers = set[org.spockframework.spring.mock.SpockContextCustomizer@0], contextLoader = 'org.springframework.test.context.support.DelegatingSmartContextLoader', parent = [null]]]
12:44:43.701 [Test worker] DEBUG org.springframework.test.context.cache - Spring test ApplicationContext cache statistics: [DefaultContextCache@6ab8252f size = 1, maxSize = 32, parentContextCount = 0, hitCount = 6, missCount = 1]
12:44:43.702 [Test worker] DEBUG org.springframework.test.context.cache.DefaultCacheAwareContextLoaderDelegate - Retrieved ApplicationContext from cache with key [[MergedContextConfiguration@14aaafea testClass = TestSpecification, locations = '{}', classes = '{class com.sg.core.Sandbox}', contextInitializerClasses = '[]', activeProfiles = '{}', propertySourceLocations = '{}', propertySourceProperties = '{}', contextCustomizers = set[org.spockframework.spring.mock.SpockContextCustomizer@0], contextLoader = 'org.springframework.test.context.support.DelegatingSmartContextLoader', parent = [null]]]
12:44:43.702 [Test worker] DEBUG org.springframework.test.context.cache - Spring test ApplicationContext cache statistics: [DefaultContextCache@6ab8252f size = 1, maxSize = 32, parentContextCount = 0, hitCount = 7, missCount = 1]
12:44:43.703 [Test worker] DEBUG org.springframework.test.context.support.AbstractDirtiesContextTestExecutionListener - Before test method: context [DefaultTestContext@4dc95c5b testClass = TestSpecification, testInstance = com.sg.TestSpecification@6bc41838, testMethod = $spock_feature_0_1@TestSpecification, testException = [null], mergedContextConfiguration = [MergedContextConfiguration@14aaafea testClass = TestSpecification, locations = '{}', classes = '{class com.sg.core.Sandbox}', contextInitializerClasses = '[]', activeProfiles = '{}', propertySourceLocations = '{}', propertySourceProperties = '{}', contextCustomizers = set[org.spockframework.spring.mock.SpockContextCustomizer@0], contextLoader = 'org.springframework.test.context.support.DelegatingSmartContextLoader', parent = [null]], attributes = map['org.spockframework.spring.SpringMockTestExecutionListener.MOCKED_BEANS_LIST' -> list[[empty]]]], class annotated with @DirtiesContext [false] with mode [null], method annotated with @DirtiesContext [false] with mode [null].
12:44:43.703 [Test worker] DEBUG org.springframework.test.context.cache.DefaultCacheAwareContextLoaderDelegate - Retrieved ApplicationContext from cache with key [[MergedContextConfiguration@14aaafea testClass = TestSpecification, locations = '{}', classes = '{class com.sg.core.Sandbox}', contextInitializerClasses = '[]', activeProfiles = '{}', propertySourceLocations = '{}', propertySourceProperties = '{}', contextCustomizers = set[org.spockframework.spring.mock.SpockContextCustomizer@0], contextLoader = 'org.springframework.test.context.support.DelegatingSmartContextLoader', parent = [null]]]
12:44:43.703 [Test worker] DEBUG org.springframework.test.context.cache - Spring test ApplicationContext cache statistics: [DefaultContextCache@6ab8252f size = 1, maxSize = 32, parentContextCount = 0, hitCount = 8, missCount = 1]
12:44:43.704 [Test worker] DEBUG org.springframework.test.context.support.AbstractDirtiesContextTestExecutionListener - After test method: context [DefaultTestContext@4dc95c5b testClass = TestSpecification, testInstance = com.sg.TestSpecification@6bc41838, testMethod = $spock_feature_0_1@TestSpecification, testException = [null], mergedContextConfiguration = [MergedContextConfiguration@14aaafea testClass = TestSpecification, locations = '{}', classes = '{class com.sg.core.Sandbox}', contextInitializerClasses = '[]', activeProfiles = '{}', propertySourceLocations = '{}', propertySourceProperties = '{}', contextCustomizers = set[org.spockframework.spring.mock.SpockContextCustomizer@0], contextLoader = 'org.springframework.test.context.support.DelegatingSmartContextLoader', parent = [null]], attributes = map['org.spockframework.spring.SpringMockTestExecutionListener.MOCKED_BEANS_LIST' -> list[[empty]]]], class annotated with @DirtiesContext [false] with mode [null], method annotated with @DirtiesContext [false] with mode [null].
12:44:43.704 [Test worker] DEBUG org.springframework.test.context.support.DependencyInjectionTestExecutionListener - Performing dependency injection for test context [[DefaultTestContext@4dc95c5b testClass = TestSpecification, testInstance = com.sg.TestSpecification@6636ecd1, testMethod = [null], testException = [null], mergedContextConfiguration = [MergedContextConfiguration@14aaafea testClass = TestSpecification, locations = '{}', classes = '{class com.sg.core.Sandbox}', contextInitializerClasses = '[]', activeProfiles = '{}', propertySourceLocations = '{}', propertySourceProperties = '{}', contextCustomizers = set[org.spockframework.spring.mock.SpockContextCustomizer@0], contextLoader = 'org.springframework.test.context.support.DelegatingSmartContextLoader', parent = [null]], attributes = map['org.spockframework.spring.SpringMockTestExecutionListener.MOCKED_BEANS_LIST' -> list[[empty]]]]].
12:44:43.704 [Test worker] DEBUG org.springframework.test.context.cache.DefaultCacheAwareContextLoaderDelegate - Retrieved ApplicationContext from cache with key [[MergedContextConfiguration@14aaafea testClass = TestSpecification, locations = '{}', classes = '{class com.sg.core.Sandbox}', contextInitializerClasses = '[]', activeProfiles = '{}', propertySourceLocations = '{}', propertySourceProperties = '{}', contextCustomizers = set[org.spockframework.spring.mock.SpockContextCustomizer@0], contextLoader = 'org.springframework.test.context.support.DelegatingSmartContextLoader', parent = [null]]]
12:44:43.704 [Test worker] DEBUG org.springframework.test.context.cache - Spring test ApplicationContext cache statistics: [DefaultContextCache@6ab8252f size = 1, maxSize = 32, parentContextCount = 0, hitCount = 9, missCount = 1]
12:44:43.705 [Test worker] DEBUG org.springframework.test.context.cache.DefaultCacheAwareContextLoaderDelegate - Retrieved ApplicationContext from cache with key [[MergedContextConfiguration@14aaafea testClass = TestSpecification, locations = '{}', classes = '{class com.sg.core.Sandbox}', contextInitializerClasses = '[]', activeProfiles = '{}', propertySourceLocations = '{}', propertySourceProperties = '{}', contextCustomizers = set[org.spockframework.spring.mock.SpockContextCustomizer@0], contextLoader = 'org.springframework.test.context.support.DelegatingSmartContextLoader', parent = [null]]]
12:44:43.705 [Test worker] DEBUG org.springframework.test.context.cache - Spring test ApplicationContext cache statistics: [DefaultContextCache@6ab8252f size = 1, maxSize = 32, parentContextCount = 0, hitCount = 10, missCount = 1]
12:44:43.706 [Test worker] DEBUG org.springframework.test.context.support.AbstractDirtiesContextTestExecutionListener - Before test method: context [DefaultTestContext@4dc95c5b testClass = TestSpecification, testInstance = com.sg.TestSpecification@6636ecd1, testMethod = $spock_feature_0_1@TestSpecification, testException = [null], mergedContextConfiguration = [MergedContextConfiguration@14aaafea testClass = TestSpecification, locations = '{}', classes = '{class com.sg.core.Sandbox}', contextInitializerClasses = '[]', activeProfiles = '{}', propertySourceLocations = '{}', propertySourceProperties = '{}', contextCustomizers = set[org.spockframework.spring.mock.SpockContextCustomizer@0], contextLoader = 'org.springframework.test.context.support.DelegatingSmartContextLoader', parent = [null]], attributes = map['org.spockframework.spring.SpringMockTestExecutionListener.MOCKED_BEANS_LIST' -> list[[empty]]]], class annotated with @DirtiesContext [false] with mode [null], method annotated with @DirtiesContext [false] with mode [null].
12:44:43.706 [Test worker] DEBUG org.springframework.test.context.cache.DefaultCacheAwareContextLoaderDelegate - Retrieved ApplicationContext from cache with key [[MergedContextConfiguration@14aaafea testClass = TestSpecification, locations = '{}', classes = '{class com.sg.core.Sandbox}', contextInitializerClasses = '[]', activeProfiles = '{}', propertySourceLocations = '{}', propertySourceProperties = '{}', contextCustomizers = set[org.spockframework.spring.mock.SpockContextCustomizer@0], contextLoader = 'org.springframework.test.context.support.DelegatingSmartContextLoader', parent = [null]]]
12:44:43.706 [Test worker] DEBUG org.springframework.test.context.cache - Spring test ApplicationContext cache statistics: [DefaultContextCache@6ab8252f size = 1, maxSize = 32, parentContextCount = 0, hitCount = 11, missCount = 1]
12:44:43.707 [Test worker] DEBUG org.springframework.test.context.support.AbstractDirtiesContextTestExecutionListener - After test method: context [DefaultTestContext@4dc95c5b testClass = TestSpecification, testInstance = com.sg.TestSpecification@6636ecd1, testMethod = $spock_feature_0_1@TestSpecification, testException = [null], mergedContextConfiguration = [MergedContextConfiguration@14aaafea testClass = TestSpecification, locations = '{}', classes = '{class com.sg.core.Sandbox}', contextInitializerClasses = '[]', activeProfiles = '{}', propertySourceLocations = '{}', propertySourceProperties = '{}', contextCustomizers = set[org.spockframework.spring.mock.SpockContextCustomizer@0], contextLoader = 'org.springframework.test.context.support.DelegatingSmartContextLoader', parent = [null]], attributes = map['org.spockframework.spring.SpringMockTestExecutionListener.MOCKED_BEANS_LIST' -> list[[empty]]]], class annotated with @DirtiesContext [false] with mode [null], method annotated with @DirtiesContext [false] with mode [null].
12:44:43.707 [Test worker] DEBUG org.springframework.test.context.support.DependencyInjectionTestExecutionListener - Performing dependency injection for test context [[DefaultTestContext@4dc95c5b testClass = TestSpecification, testInstance = com.sg.TestSpecification@32985eb6, testMethod = [null], testException = [null], mergedContextConfiguration = [MergedContextConfiguration@14aaafea testClass = TestSpecification, locations = '{}', classes = '{class com.sg.core.Sandbox}', contextInitializerClasses = '[]', activeProfiles = '{}', propertySourceLocations = '{}', propertySourceProperties = '{}', contextCustomizers = set[org.spockframework.spring.mock.SpockContextCustomizer@0], contextLoader = 'org.springframework.test.context.support.DelegatingSmartContextLoader', parent = [null]], attributes = map['org.spockframework.spring.SpringMockTestExecutionListener.MOCKED_BEANS_LIST' -> list[[empty]]]]].
12:44:43.708 [Test worker] DEBUG org.springframework.test.context.cache.DefaultCacheAwareContextLoaderDelegate - Retrieved ApplicationContext from cache with key [[MergedContextConfiguration@14aaafea testClass = TestSpecification, locations = '{}', classes = '{class com.sg.core.Sandbox}', contextInitializerClasses = '[]', activeProfiles = '{}', propertySourceLocations = '{}', propertySourceProperties = '{}', contextCustomizers = set[org.spockframework.spring.mock.SpockContextCustomizer@0], contextLoader = 'org.springframework.test.context.support.DelegatingSmartContextLoader', parent = [null]]]
12:44:43.708 [Test worker] DEBUG org.springframework.test.context.cache - Spring test ApplicationContext cache statistics: [DefaultContextCache@6ab8252f size = 1, maxSize = 32, parentContextCount = 0, hitCount = 12, missCount = 1]
12:44:43.708 [Test worker] DEBUG org.springframework.test.context.cache.DefaultCacheAwareContextLoaderDelegate - Retrieved ApplicationContext from cache with key [[MergedContextConfiguration@14aaafea testClass = TestSpecification, locations = '{}', classes = '{class com.sg.core.Sandbox}', contextInitializerClasses = '[]', activeProfiles = '{}', propertySourceLocations = '{}', propertySourceProperties = '{}', contextCustomizers = set[org.spockframework.spring.mock.SpockContextCustomizer@0], contextLoader = 'org.springframework.test.context.support.DelegatingSmartContextLoader', parent = [null]]]
12:44:43.708 [Test worker] DEBUG org.springframework.test.context.cache - Spring test ApplicationContext cache statistics: [DefaultContextCache@6ab8252f size = 1, maxSize = 32, parentContextCount = 0, hitCount = 13, missCount = 1]
12:44:43.709 [Test worker] DEBUG org.springframework.test.context.support.AbstractDirtiesContextTestExecutionListener - Before test method: context [DefaultTestContext@4dc95c5b testClass = TestSpecification, testInstance = com.sg.TestSpecification@32985eb6, testMethod = $spock_feature_0_1@TestSpecification, testException = [null], mergedContextConfiguration = [MergedContextConfiguration@14aaafea testClass = TestSpecification, locations = '{}', classes = '{class com.sg.core.Sandbox}', contextInitializerClasses = '[]', activeProfiles = '{}', propertySourceLocations = '{}', propertySourceProperties = '{}', contextCustomizers = set[org.spockframework.spring.mock.SpockContextCustomizer@0], contextLoader = 'org.springframework.test.context.support.DelegatingSmartContextLoader', parent = [null]], attributes = map['org.spockframework.spring.SpringMockTestExecutionListener.MOCKED_BEANS_LIST' -> list[[empty]]]], class annotated with @DirtiesContext [false] with mode [null], method annotated with @DirtiesContext [false] with mode [null].
12:44:43.710 [Test worker] DEBUG org.springframework.test.context.cache.DefaultCacheAwareContextLoaderDelegate - Retrieved ApplicationContext from cache with key [[MergedContextConfiguration@14aaafea testClass = TestSpecification, locations = '{}', classes = '{class com.sg.core.Sandbox}', contextInitializerClasses = '[]', activeProfiles = '{}', propertySourceLocations = '{}', propertySourceProperties = '{}', contextCustomizers = set[org.spockframework.spring.mock.SpockContextCustomizer@0], contextLoader = 'org.springframework.test.context.support.DelegatingSmartContextLoader', parent = [null]]]
12:44:43.710 [Test worker] DEBUG org.springframework.test.context.cache - Spring test ApplicationContext cache statistics: [DefaultContextCache@6ab8252f size = 1, maxSize = 32, parentContextCount = 0, hitCount = 14, missCount = 1]
12:44:43.710 [Test worker] DEBUG org.springframework.test.context.support.AbstractDirtiesContextTestExecutionListener - After test method: context [DefaultTestContext@4dc95c5b testClass = TestSpecification, testInstance = com.sg.TestSpecification@32985eb6, testMethod = $spock_feature_0_1@TestSpecification, testException = [null], mergedContextConfiguration = [MergedContextConfiguration@14aaafea testClass = TestSpecification, locations = '{}', classes = '{class com.sg.core.Sandbox}', contextInitializerClasses = '[]', activeProfiles = '{}', propertySourceLocations = '{}', propertySourceProperties = '{}', contextCustomizers = set[org.spockframework.spring.mock.SpockContextCustomizer@0], contextLoader = 'org.springframework.test.context.support.DelegatingSmartContextLoader', parent = [null]], attributes = map['org.spockframework.spring.SpringMockTestExecutionListener.MOCKED_BEANS_LIST' -> list[[empty]]]], class annotated with @DirtiesContext [false] with mode [null], method annotated with @DirtiesContext [false] with mode [null].
12:44:43.711 [Test worker] DEBUG org.springframework.test.context.support.DependencyInjectionTestExecutionListener - Performing dependency injection for test context [[DefaultTestContext@4dc95c5b testClass = TestSpecification, testInstance = com.sg.TestSpecification@75845415, testMethod = [null], testException = [null], mergedContextConfiguration = [MergedContextConfiguration@14aaafea testClass = TestSpecification, locations = '{}', classes = '{class com.sg.core.Sandbox}', contextInitializerClasses = '[]', activeProfiles = '{}', propertySourceLocations = '{}', propertySourceProperties = '{}', contextCustomizers = set[org.spockframework.spring.mock.SpockContextCustomizer@0], contextLoader = 'org.springframework.test.context.support.DelegatingSmartContextLoader', parent = [null]], attributes = map['org.spockframework.spring.SpringMockTestExecutionListener.MOCKED_BEANS_LIST' -> list[[empty]]]]].
12:44:43.711 [Test worker] DEBUG org.springframework.test.context.cache.DefaultCacheAwareContextLoaderDelegate - Retrieved ApplicationContext from cache with key [[MergedContextConfiguration@14aaafea testClass = TestSpecification, locations = '{}', classes = '{class com.sg.core.Sandbox}', contextInitializerClasses = '[]', activeProfiles = '{}', propertySourceLocations = '{}', propertySourceProperties = '{}', contextCustomizers = set[org.spockframework.spring.mock.SpockContextCustomizer@0], contextLoader = 'org.springframework.test.context.support.DelegatingSmartContextLoader', parent = [null]]]
12:44:43.711 [Test worker] DEBUG org.springframework.test.context.cache - Spring test ApplicationContext cache statistics: [DefaultContextCache@6ab8252f size = 1, maxSize = 32, parentContextCount = 0, hitCount = 15, missCount = 1]
12:44:43.712 [Test worker] DEBUG org.springframework.test.context.cache.DefaultCacheAwareContextLoaderDelegate - Retrieved ApplicationContext from cache with key [[MergedContextConfiguration@14aaafea testClass = TestSpecification, locations = '{}', classes = '{class com.sg.core.Sandbox}', contextInitializerClasses = '[]', activeProfiles = '{}', propertySourceLocations = '{}', propertySourceProperties = '{}', contextCustomizers = set[org.spockframework.spring.mock.SpockContextCustomizer@0], contextLoader = 'org.springframework.test.context.support.DelegatingSmartContextLoader', parent = [null]]]
12:44:43.712 [Test worker] DEBUG org.springframework.test.context.cache - Spring test ApplicationContext cache statistics: [DefaultContextCache@6ab8252f size = 1, maxSize = 32, parentContextCount = 0, hitCount = 16, missCount = 1]
12:44:43.713 [Test worker] DEBUG org.springframework.test.context.support.AbstractDirtiesContextTestExecutionListener - Before test method: context [DefaultTestContext@4dc95c5b testClass = TestSpecification, testInstance = com.sg.TestSpecification@75845415, testMethod = $spock_feature_0_1@TestSpecification, testException = [null], mergedContextConfiguration = [MergedContextConfiguration@14aaafea testClass = TestSpecification, locations = '{}', classes = '{class com.sg.core.Sandbox}', contextInitializerClasses = '[]', activeProfiles = '{}', propertySourceLocations = '{}', propertySourceProperties = '{}', contextCustomizers = set[org.spockframework.spring.mock.SpockContextCustomizer@0], contextLoader = 'org.springframework.test.context.support.DelegatingSmartContextLoader', parent = [null]], attributes = map['org.spockframework.spring.SpringMockTestExecutionListener.MOCKED_BEANS_LIST' -> list[[empty]]]], class annotated with @DirtiesContext [false] with mode [null], method annotated with @DirtiesContext [false] with mode [null].
12:44:43.713 [Test worker] DEBUG org.springframework.test.context.cache.DefaultCacheAwareContextLoaderDelegate - Retrieved ApplicationContext from cache with key [[MergedContextConfiguration@14aaafea testClass = TestSpecification, locations = '{}', classes = '{class com.sg.core.Sandbox}', contextInitializerClasses = '[]', activeProfiles = '{}', propertySourceLocations = '{}', propertySourceProperties = '{}', contextCustomizers = set[org.spockframework.spring.mock.SpockContextCustomizer@0], contextLoader = 'org.springframework.test.context.support.DelegatingSmartContextLoader', parent = [null]]]
12:44:43.713 [Test worker] DEBUG org.springframework.test.context.cache - Spring test ApplicationContext cache statistics: [DefaultContextCache@6ab8252f size = 1, maxSize = 32, parentContextCount = 0, hitCount = 17, missCount = 1]
12:44:43.714 [Test worker] DEBUG org.springframework.test.context.support.AbstractDirtiesContextTestExecutionListener - After test method: context [DefaultTestContext@4dc95c5b testClass = TestSpecification, testInstance = com.sg.TestSpecification@75845415, testMethod = $spock_feature_0_1@TestSpecification, testException = [null], mergedContextConfiguration = [MergedContextConfiguration@14aaafea testClass = TestSpecification, locations = '{}', classes = '{class com.sg.core.Sandbox}', contextInitializerClasses = '[]', activeProfiles = '{}', propertySourceLocations = '{}', propertySourceProperties = '{}', contextCustomizers = set[org.spockframework.spring.mock.SpockContextCustomizer@0], contextLoader = 'org.springframework.test.context.support.DelegatingSmartContextLoader', parent = [null]], attributes = map['org.spockframework.spring.SpringMockTestExecutionListener.MOCKED_BEANS_LIST' -> list[[empty]]]], class annotated with @DirtiesContext [false] with mode [null], method annotated with @DirtiesContext [false] with mode [null].
12:44:43.715 [Test worker] DEBUG org.springframework.test.context.support.AbstractDirtiesContextTestExecutionListener - After test class: context [DefaultTestContext@4dc95c5b testClass = TestSpecification, testInstance = [null], testMethod = [null], testException = [null], mergedContextConfiguration = [MergedContextConfiguration@14aaafea testClass = TestSpecification, locations = '{}', classes = '{class com.sg.core.Sandbox}', contextInitializerClasses = '[]', activeProfiles = '{}', propertySourceLocations = '{}', propertySourceProperties = '{}', contextCustomizers = set[org.spockframework.spring.mock.SpockContextCustomizer@0], contextLoader = 'org.springframework.test.context.support.DelegatingSmartContextLoader', parent = [null]], attributes = map['org.spockframework.spring.SpringMockTestExecutionListener.MOCKED_BEANS_LIST' -> list[[empty]]]], class annotated with @DirtiesContext [false] with mode [null].
]]></system-out>
  <system-err><![CDATA[]]></system-err>
</testsuite>
